\BOOKMARK [1][]{section.1}{Introduction}{}% 1
\BOOKMARK [1][]{section.2}{Quick Start Guide}{}% 2
\BOOKMARK [2][-]{subsection.2.1}{Getting Aqualung}{section.2}% 3
\BOOKMARK [2][-]{subsection.2.2}{Starting the program for the first time}{section.2}% 4
\BOOKMARK [2][-]{subsection.2.3}{Setting up a Music Store}{section.2}% 5
\BOOKMARK [2][-]{subsection.2.4}{Playing and ripping an Audio CD}{section.2}% 6
\BOOKMARK [1][]{section.3}{Command Line Interface}{}% 7
\BOOKMARK [2][-]{subsection.3.1}{Invocation}{section.3}% 8
\BOOKMARK [2][-]{subsection.3.2}{General options}{section.3}% 9
\BOOKMARK [2][-]{subsection.3.3}{Output specific options}{section.3}% 10
\BOOKMARK [3][-]{subsubsection.3.3.1}{Options relevant to ALSA output}{subsection.3.3}% 11
\BOOKMARK [3][-]{subsubsection.3.3.2}{Options relevant to OSS output}{subsection.3.3}% 12
\BOOKMARK [3][-]{subsubsection.3.3.3}{Options relevant to JACK output}{subsection.3.3}% 13
\BOOKMARK [3][-]{subsubsection.3.3.4}{Options relevant to PulseAudio and sndio output}{subsection.3.3}% 14
\BOOKMARK [3][-]{subsubsection.3.3.5}{Options relevant to Win32 output}{subsection.3.3}% 15
\BOOKMARK [2][-]{subsection.3.4}{Options relevant to the Sample Rate Converter}{section.3}% 16
\BOOKMARK [2][-]{subsection.3.5}{Options for remote cue control}{section.3}% 17
\BOOKMARK [2][-]{subsection.3.6}{Options for file loading}{section.3}% 18
\BOOKMARK [3][-]{subsubsection.3.6.1}{Setting up programs to use Aqualung as a soundfile handler}{subsection.3.6}% 19
\BOOKMARK [2][-]{subsection.3.7}{Options for changing state of Playlist/Music Store windows}{section.3}% 20
\BOOKMARK [2][-]{subsection.3.8}{Examples}{section.3}% 21
\BOOKMARK [2][-]{subsection.3.9}{Environment}{section.3}% 22
\BOOKMARK [2][-]{subsection.3.10}{Files}{section.3}% 23
\BOOKMARK [1][]{section.4}{Graphical Interface}{}% 24
\BOOKMARK [2][-]{subsection.4.1}{Main Window}{section.4}% 25
\BOOKMARK [2][-]{subsection.4.2}{Playlist}{section.4}% 26
\BOOKMARK [2][-]{subsection.4.3}{Music Store}{section.4}% 27
\BOOKMARK [3][-]{subsubsection.4.3.1}{Overview}{subsection.4.3}% 28
\BOOKMARK [3][-]{subsubsection.4.3.2}{Building or Updating a store from filesystem}{subsection.4.3}% 29
\BOOKMARK [3][-]{subsubsection.4.3.3}{Arranging your collection}{subsection.4.3}% 30
\BOOKMARK [3][-]{subsubsection.4.3.4}{Dealing with multiple stores}{subsection.4.3}% 31
\BOOKMARK [3][-]{subsubsection.4.3.5}{Handling file metadata}{subsection.4.3}% 32
\BOOKMARK [3][-]{subsubsection.4.3.6}{CDDB Support}{subsection.4.3}% 33
\BOOKMARK [3][-]{subsubsection.4.3.7}{Audio CD}{subsection.4.3}% 34
\BOOKMARK [3][-]{subsubsection.4.3.8}{Podcast support}{subsection.4.3}% 35
\BOOKMARK [2][-]{subsection.4.4}{JACK Port Setup}{section.4}% 36
\BOOKMARK [2][-]{subsection.4.5}{Skin Chooser}{section.4}% 37
\BOOKMARK [2][-]{subsection.4.6}{System Tray Support}{section.4}% 38
\BOOKMARK [1][]{section.5}{Supplemental features}{}% 39
\BOOKMARK [2][-]{subsection.5.1}{Exporting files from the Music Store or Playlist}{section.5}% 40
\BOOKMARK [2][-]{subsection.5.2}{LADSPA plugins}{section.5}% 41
\BOOKMARK [2][-]{subsection.5.3}{The RVA system}{section.5}% 42
\BOOKMARK [2][-]{subsection.5.4}{Music Store Builder}{section.5}% 43
\BOOKMARK [3][-]{subsubsection.5.4.1}{Data sources}{subsection.5.4}% 44
\BOOKMARK [3][-]{subsubsection.5.4.2}{Regular expressions}{subsection.5.4}% 45
\BOOKMARK [3][-]{subsubsection.5.4.3}{Predefined transformations}{subsection.5.4}% 46
\BOOKMARK [3][-]{subsubsection.5.4.4}{Capitalization}{subsection.5.4}% 47
\BOOKMARK [1][]{section.6}{Metadata support}{}% 48
\BOOKMARK [2][-]{subsection.6.1}{Manual editing}{section.6}% 49
\BOOKMARK [2][-]{subsection.6.2}{Mass tagging}{section.6}% 50
\BOOKMARK [2][-]{subsection.6.3}{Metadata-related behavior}{section.6}% 51
\BOOKMARK [3][-]{subsubsection.6.3.1}{Configuration}{subsection.6.3}% 52
\BOOKMARK [3][-]{subsubsection.6.3.2}{Precedence of metadata information}{subsection.6.3}% 53
\BOOKMARK [3][-]{subsubsection.6.3.3}{ReplayGain and RVA}{subsection.6.3}% 54
\BOOKMARK [3][-]{subsubsection.6.3.4}{Metadata transfer when exporting}{subsection.6.3}% 55
\BOOKMARK [2][-]{subsection.6.4}{Overview of supported metadata formats}{section.6}% 56
\BOOKMARK [3][-]{subsubsection.6.4.1}{Metadata support matrix}{subsection.6.4}% 57
\BOOKMARK [3][-]{subsubsection.6.4.2}{ID3v1}{subsection.6.4}% 58
\BOOKMARK [3][-]{subsubsection.6.4.3}{ID3v2}{subsection.6.4}% 59
\BOOKMARK [3][-]{subsubsection.6.4.4}{APE}{subsection.6.4}% 60
\BOOKMARK [3][-]{subsubsection.6.4.5}{Ogg Xiph comments}{subsection.6.4}% 61
\BOOKMARK [3][-]{subsubsection.6.4.6}{FLAC pictures}{subsection.6.4}% 62
\BOOKMARK [3][-]{subsubsection.6.4.7}{Musepack ReplayGain data}{subsection.6.4}% 63
\BOOKMARK [3][-]{subsubsection.6.4.8}{Generic StreamMetadata}{subsection.6.4}% 64
\BOOKMARK [3][-]{subsubsection.6.4.9}{MPEG StreamMetadata}{subsection.6.4}% 65
\BOOKMARK [3][-]{subsubsection.6.4.10}{MOD information}{subsection.6.4}% 66
\BOOKMARK [1][]{section.7}{Settings}{}% 67
\BOOKMARK [2][-]{subsection.7.1}{General}{section.7}% 68
\BOOKMARK [3][-]{subsubsection.7.1.1}{Main Window}{subsection.7.1}% 69
\BOOKMARK [3][-]{subsubsection.7.1.2}{Title Format}{subsection.7.1}% 70
\BOOKMARK [3][-]{subsubsection.7.1.3}{Lua extension file}{subsection.7.1}% 71
\BOOKMARK [3][-]{subsubsection.7.1.4}{Systray}{subsection.7.1}% 72
\BOOKMARK [3][-]{subsubsection.7.1.5}{Miscellaneous}{subsection.7.1}% 73
\BOOKMARK [2][-]{subsection.7.2}{Playlist}{section.7}% 74
\BOOKMARK [2][-]{subsection.7.3}{Music Store}{section.7}% 75
\BOOKMARK [2][-]{subsection.7.4}{DSP}{section.7}% 76
\BOOKMARK [2][-]{subsection.7.5}{Playback RVA}{section.7}% 77
\BOOKMARK [2][-]{subsection.7.6}{Metadata}{section.7}% 78
\BOOKMARK [2][-]{subsection.7.7}{CD Audio}{section.7}% 79
\BOOKMARK [2][-]{subsection.7.8}{CDDB}{section.7}% 80
\BOOKMARK [2][-]{subsection.7.9}{Internet}{section.7}% 81
\BOOKMARK [2][-]{subsection.7.10}{Appearance}{section.7}% 82
\BOOKMARK [1][]{section.8}{Keyboard shortcuts}{}% 83
\BOOKMARK [2][-]{subsection.8.1}{Main window}{section.8}% 84
\BOOKMARK [2][-]{subsection.8.2}{Playlist}{section.8}% 85
\BOOKMARK [2][-]{subsection.8.3}{Music Store}{section.8}% 86
\BOOKMARK [1][]{section.9}{Extending Aqualung}{}% 87
\BOOKMARK [2][-]{subsection.9.1}{Introduction}{section.9}% 88
\BOOKMARK [2][-]{subsection.9.2}{Programmable Title Format}{section.9}% 89
\BOOKMARK [2][-]{subsection.9.3}{Hooking into Aqualung Events}{section.9}% 90
\BOOKMARK [2][-]{subsection.9.4}{Custom Playlist Menu Commands}{section.9}% 91
\BOOKMARK [2][-]{subsection.9.5}{Custom Remote Commands}{section.9}% 92
\BOOKMARK [2][-]{subsection.9.6}{Custom Keybindings}{section.9}% 93
\BOOKMARK [2][-]{subsection.9.7}{Lua Extension API methods}{section.9}% 94
